c:\users\16206\desktop\pj2.4.1(1)\pj2.4.1\pj2.4\x64\debug\vc143.pdb
c:\users\16206\desktop\pj2.4.1(1)\pj2.4.1\pj2.4\x64\debug\vc143.idb
c:\users\16206\desktop\pj2.4.1(1)\pj2.4.1\pj2.4\x64\debug\point.obj
c:\users\16206\desktop\pj2.4.1(1)\pj2.4.1\pj2.4\x64\debug\objects.obj
c:\users\16206\desktop\pj2.4.1(1)\pj2.4.1\pj2.4\x64\debug\main.obj
c:\users\16206\desktop\pj2.4.1(1)\pj2.4.1\pj2.4\x64\debug\graphicsengine.obj
c:\users\16206\desktop\pj2.4.1(1)\pj2.4.1\pj2.4\x64\debug\fruit_ninja.obj
c:\users\16206\desktop\pj2.4.1(1)\pj2.4.1\pj2.4\x64\debug\scanlinealgorithms.obj
c:\users\16206\desktop\pj2.4.1(1)\pj2.4.1\pj2.4\x64\debug\line_bersenham.obj
c:\users\16206\desktop\pj2.4.1(1)\pj2.4.1\pj2.4\x64\debug\clipalgorithms.obj
c:\users\16206\desktop\pj2.4.1(1)\pj2.4.1\pj2.4\x64\debug\circle_midpoint.obj
c:\users\16206\desktop\pj2.4.1(1)\pj2.4.1\pj2.4\x64\debug\bspline.obj
c:\users\16206\desktop\pj2.4.1(1)\pj2.4.1\pj2.4\x64\debug\bezier_decasteljau.obj
c:\users\16206\desktop\pj2.4.1(1)\pj2.4.1\pj2.4\x64\debug\arc_midpoint.obj
c:\users\16206\desktop\pj2.4.1(1)\pj2.4.1\pj2.4\x64\debug\actionsobjects.obj
c:\users\16206\desktop\pj2.4.1(1)\pj2.4.1\pj2.4\x64\debug\actions.obj
c:\users\16206\desktop\pj2.4.1(1)\pj2.4.1\x64\debug\pj2.4.exe
c:\users\16206\desktop\pj2.4.1(1)\pj2.4.1\x64\debug\pj2.4.pdb
c:\users\16206\desktop\pj2.4.1(1)\pj2.4.1\pj2.4\x64\debug\pj2.4.ilk
c:\users\16206\desktop\pj2.4.1(1)\pj2.4.1\pj2.4\x64\debug\pj2.4.tlog\cl.command.1.tlog
c:\users\16206\desktop\pj2.4.1(1)\pj2.4.1\pj2.4\x64\debug\pj2.4.tlog\cl.items.tlog
c:\users\16206\desktop\pj2.4.1(1)\pj2.4.1\pj2.4\x64\debug\pj2.4.tlog\cl.read.1.tlog
c:\users\16206\desktop\pj2.4.1(1)\pj2.4.1\pj2.4\x64\debug\pj2.4.tlog\cl.write.1.tlog
c:\users\16206\desktop\pj2.4.1(1)\pj2.4.1\pj2.4\x64\debug\pj2.4.tlog\link.command.1.tlog
c:\users\16206\desktop\pj2.4.1(1)\pj2.4.1\pj2.4\x64\debug\pj2.4.tlog\link.read.1.tlog
c:\users\16206\desktop\pj2.4.1(1)\pj2.4.1\pj2.4\x64\debug\pj2.4.tlog\link.secondary.1.tlog
c:\users\16206\desktop\pj2.4.1(1)\pj2.4.1\pj2.4\x64\debug\pj2.4.tlog\link.write.1.tlog
